<?xml version="1.0" encoding="UTF-8"?>
<testng-results ignored="0" total="1" passed="1" failed="0" skipped="0">
  <reporter-output>
  </reporter-output>
  <suite started-at="2019-10-18T06:04:32Z" name="Default suite" finished-at="2019-10-18T06:05:04Z" duration-ms="31534">
    <groups>
    </groups>
    <test started-at="2019-10-18T06:04:32Z" name="Default test" finished-at="2019-10-18T06:05:04Z" duration-ms="31534">
      <class name="Gurulogintest">
        <test-method signature="login2()[pri:0, instance:Gurulogintest@51b7e5df]" started-at="2019-10-18T06:04:32Z" name="login2" finished-at="2019-10-18T06:05:04Z" duration-ms="31516" status="PASS">
          <reporter-output>
          </reporter-output>
        </test-method> <!-- login2 -->
      </class> <!-- Gurulogintest -->
    </test> <!-- Default test -->
  </suite> <!-- Default suite -->
</testng-results>
